<?xml version='1.0' encoding='UTF-8'?>
<testsuite hostname="olakunles-MBP-2.mynet" name="MainSpec" tests="3" errors="0" failures="3" skipped="0" time="0.003" timestamp="2024-10-08T20:53:10">
          <properties>
[...]
</properties>
          <testcase classname="MainSpec" name=" - return empty list for dates outside range" time="0.001">
                      <failure message="  [31m- return empty list for dates outside range[0m
    [31m✗ [0m[1m[34m&quot;Error: java.io.FileNotFoundException: TradesData.json not found in resources&quot;[0m[0m [31mwas not equal to[0m [1m[34m&quot;[]&quot;[0m[0m
    [1mbody == [0m[1m[33m&quot;[]&quot;[0m[0m[1m[0m
    [2mbody = [0m&quot;Error: java.io.FileNotFoundException: TradesData.json not found in resources&quot;
    [36mat /Users/olakunlekuye/Documents/Dev/KLX/demo/TradingServer/src/test/scala/MainSpec.scala:37 [0m
" type="java.lang.Exception">java.lang.Exception:   [31m- return empty list for dates outside range[0m
    [31m✗ [0m[1m[34m&quot;Error: java.io.FileNotFoundException: TradesData.json not found in resources&quot;[0m[0m [31mwas not equal to[0m [1m[34m&quot;[]&quot;[0m[0m
    [1mbody == [0m[1m[33m&quot;[]&quot;[0m[0m[1m[0m
    [2mbody = [0m&quot;Error: java.io.FileNotFoundException: TradesData.json not found in resources&quot;
    [36mat /Users/olakunlekuye/Documents/Dev/KLX/demo/TradingServer/src/test/scala/MainSpec.scala:37 [0m

	at zio.test.sbt.ZTestEvent$.convertEvent(ZTestEvent.scala:34)
	at zio.test.sbt.ZTestEventHandlerSbt.handle$$anonfun$1(ZTestEventHandlerSbt.scala:25)
	at scala.runtime.function.JProcedure1.apply(JProcedure1.java:15)
	at scala.runtime.function.JProcedure1.apply(JProcedure1.java:10)
	at zio.UnsafeVersionSpecific.implicitFunctionIsFunction$$anonfun$1(UnsafeVersionSpecific.scala:27)
	at zio.Unsafe$.unsafe(Unsafe.scala:37)
	at zio.ZIOCompanionVersionSpecific.succeed$$anonfun$1(ZIOCompanionVersionSpecific.scala:185)
	at zio.internal.FiberRuntime.runLoop(FiberRuntime.scala:904)
	at zio.internal.FiberRuntime.evaluateEffect(FiberRuntime.scala:381)
	at zio.internal.FiberRuntime.evaluateMessageWhileSuspended(FiberRuntime.scala:504)
	at zio.internal.FiberRuntime.drainQueueOnCurrentThread(FiberRuntime.scala:220)
	at zio.internal.FiberRuntime.run(FiberRuntime.scala:139)
	at java.base/java.util.concurrent.ThreadPoolExecutor.runWorker(ThreadPoolExecutor.java:1128)
	at java.base/java.util.concurrent.ThreadPoolExecutor$Worker.run(ThreadPoolExecutor.java:628)
	at java.base/java.lang.Thread.run(Thread.java:834)
</failure>
                    </testcase><testcase classname="MainSpec" name=" - handle missing or invalid date parameters" time="0.001">
                      <failure message="  [31m- handle missing or invalid date parameters[0m
    [31m✗ [0m[1m[34mInternalServerError()[0m[0m [31mwas not equal to[0m [1m[34mBadRequest()[0m[0m
    [1mresponse.status == [0m[1m[33mStatus.BadRequest[0m[0m[1m[0m
    [2m.status = [0mInternalServerError()
    [2mresponse = [0mzio.http.Response$BasicResponse$$anon$1@f67e4b80
    [36mat /Users/olakunlekuye/Documents/Dev/KLX/demo/TradingServer/src/test/scala/MainSpec.scala:46 [0m
" type="java.lang.Exception">java.lang.Exception:   [31m- handle missing or invalid date parameters[0m
    [31m✗ [0m[1m[34mInternalServerError()[0m[0m [31mwas not equal to[0m [1m[34mBadRequest()[0m[0m
    [1mresponse.status == [0m[1m[33mStatus.BadRequest[0m[0m[1m[0m
    [2m.status = [0mInternalServerError()
    [2mresponse = [0mzio.http.Response$BasicResponse$$anon$1@f67e4b80
    [36mat /Users/olakunlekuye/Documents/Dev/KLX/demo/TradingServer/src/test/scala/MainSpec.scala:46 [0m

	at zio.test.sbt.ZTestEvent$.convertEvent(ZTestEvent.scala:34)
	at zio.test.sbt.ZTestEventHandlerSbt.handle$$anonfun$1(ZTestEventHandlerSbt.scala:25)
	at scala.runtime.function.JProcedure1.apply(JProcedure1.java:15)
	at scala.runtime.function.JProcedure1.apply(JProcedure1.java:10)
	at zio.UnsafeVersionSpecific.implicitFunctionIsFunction$$anonfun$1(UnsafeVersionSpecific.scala:27)
	at zio.Unsafe$.unsafe(Unsafe.scala:37)
	at zio.ZIOCompanionVersionSpecific.succeed$$anonfun$1(ZIOCompanionVersionSpecific.scala:185)
	at zio.internal.FiberRuntime.runLoop(FiberRuntime.scala:904)
	at zio.internal.FiberRuntime.evaluateEffect(FiberRuntime.scala:381)
	at zio.internal.FiberRuntime.evaluateMessageWhileSuspended(FiberRuntime.scala:504)
	at zio.internal.FiberRuntime.drainQueueOnCurrentThread(FiberRuntime.scala:220)
	at zio.internal.FiberRuntime.run(FiberRuntime.scala:139)
	at java.base/java.util.concurrent.ThreadPoolExecutor.runWorker(ThreadPoolExecutor.java:1128)
	at java.base/java.util.concurrent.ThreadPoolExecutor$Worker.run(ThreadPoolExecutor.java:628)
	at java.base/java.lang.Thread.run(Thread.java:834)
</failure>
                    </testcase><testcase classname="MainSpec" name=" - filter trades within date range" time="0.001">
                      <failure message="  [31m- filter trades within date range[0m
    [31m✗ [0m[1m[34mInternalServerError()[0m[0m [31mwas not equal to[0m [1m[34mOk()[0m[0m
    [1mresponse.status == [0m[1m[33mStatus.Ok[0m[0m[1m[0m
    [2m.status = [0mInternalServerError()
    [2mresponse = [0mzio.http.Response$BasicResponse$$anon$1@4fd4923e
    [36mat /Users/olakunlekuye/Documents/Dev/KLX/demo/TradingServer/src/test/scala/MainSpec.scala:24 [0m
    [31m✗ Result was false[0m
    [1mbody[0m[1m[33m.contains(&quot;EUR/USD&quot;)[0m[0m[1m[0m
    [2mbody = [0m&quot;Error: java.io.FileNotFoundException: TradesData.json not found in resources&quot;
    [36mat /Users/olakunlekuye/Documents/Dev/KLX/demo/TradingServer/src/test/scala/MainSpec.scala:25 [0m
    [31m✗ Result was false[0m
    [1mbody[0m[1m[33m.contains(&quot;2023-01-02&quot;)[0m[0m[1m || body.contains(&quot;2023-01-03&quot;)[0m
    [2mbody = [0m&quot;Error: java.io.FileNotFoundException: TradesData.json not found in resources&quot;
    [36mat /Users/olakunlekuye/Documents/Dev/KLX/demo/TradingServer/src/test/scala/MainSpec.scala:26 [0m
    [31m✗ Result was false[0m
    [1mbody.contains(&quot;2023-01-02&quot;) || body[0m[1m[33m.contains(&quot;2023-01-03&quot;)[0m[0m[1m[0m
    [2mbody = [0m&quot;Error: java.io.FileNotFoundException: TradesData.json not found in resources&quot;
    [36mat /Users/olakunlekuye/Documents/Dev/KLX/demo/TradingServer/src/test/scala/MainSpec.scala:26 [0m
" type="java.lang.Exception">java.lang.Exception:   [31m- filter trades within date range[0m
    [31m✗ [0m[1m[34mInternalServerError()[0m[0m [31mwas not equal to[0m [1m[34mOk()[0m[0m
    [1mresponse.status == [0m[1m[33mStatus.Ok[0m[0m[1m[0m
    [2m.status = [0mInternalServerError()
    [2mresponse = [0mzio.http.Response$BasicResponse$$anon$1@4fd4923e
    [36mat /Users/olakunlekuye/Documents/Dev/KLX/demo/TradingServer/src/test/scala/MainSpec.scala:24 [0m
    [31m✗ Result was false[0m
    [1mbody[0m[1m[33m.contains(&quot;EUR/USD&quot;)[0m[0m[1m[0m
    [2mbody = [0m&quot;Error: java.io.FileNotFoundException: TradesData.json not found in resources&quot;
    [36mat /Users/olakunlekuye/Documents/Dev/KLX/demo/TradingServer/src/test/scala/MainSpec.scala:25 [0m
    [31m✗ Result was false[0m
    [1mbody[0m[1m[33m.contains(&quot;2023-01-02&quot;)[0m[0m[1m || body.contains(&quot;2023-01-03&quot;)[0m
    [2mbody = [0m&quot;Error: java.io.FileNotFoundException: TradesData.json not found in resources&quot;
    [36mat /Users/olakunlekuye/Documents/Dev/KLX/demo/TradingServer/src/test/scala/MainSpec.scala:26 [0m
    [31m✗ Result was false[0m
    [1mbody.contains(&quot;2023-01-02&quot;) || body[0m[1m[33m.contains(&quot;2023-01-03&quot;)[0m[0m[1m[0m
    [2mbody = [0m&quot;Error: java.io.FileNotFoundException: TradesData.json not found in resources&quot;
    [36mat /Users/olakunlekuye/Documents/Dev/KLX/demo/TradingServer/src/test/scala/MainSpec.scala:26 [0m

	at zio.test.sbt.ZTestEvent$.convertEvent(ZTestEvent.scala:34)
	at zio.test.sbt.ZTestEventHandlerSbt.handle$$anonfun$1(ZTestEventHandlerSbt.scala:25)
	at scala.runtime.function.JProcedure1.apply(JProcedure1.java:15)
	at scala.runtime.function.JProcedure1.apply(JProcedure1.java:10)
	at zio.UnsafeVersionSpecific.implicitFunctionIsFunction$$anonfun$1(UnsafeVersionSpecific.scala:27)
	at zio.Unsafe$.unsafe(Unsafe.scala:37)
	at zio.ZIOCompanionVersionSpecific.succeed$$anonfun$1(ZIOCompanionVersionSpecific.scala:185)
	at zio.internal.FiberRuntime.runLoop(FiberRuntime.scala:904)
	at zio.internal.FiberRuntime.evaluateEffect(FiberRuntime.scala:381)
	at zio.internal.FiberRuntime.evaluateMessageWhileSuspended(FiberRuntime.scala:504)
	at zio.internal.FiberRuntime.drainQueueOnCurrentThread(FiberRuntime.scala:220)
	at zio.internal.FiberRuntime.run(FiberRuntime.scala:139)
	at java.base/java.util.concurrent.ThreadPoolExecutor.runWorker(ThreadPoolExecutor.java:1128)
	at java.base/java.util.concurrent.ThreadPoolExecutor$Worker.run(ThreadPoolExecutor.java:628)
	at java.base/java.lang.Thread.run(Thread.java:834)
</failure>
                    </testcase>
          <system-out><![CDATA[]]></system-out>
          <system-err><![CDATA[]]></system-err>
        </testsuite>